<?xml version="1.0" encoding="UTF-8"?>
<testsuite name="com.edu.quickaside.application.capture.CapturePlanListExecutorContractTest" tests="4" skipped="0" failures="0" errors="0" timestamp="2026-09-19T22:28:44.539Z" hostname="local-runner" time="0.003">
  <properties/>
  <testcase name="successfulExecutionResultRetainsExactItemAndEntryIdentifiers" classname="com.edu.quickaside.application.capture.CapturePlanListExecutorContractTest" time="0.0"/>
  <testcase name="undoOutcomesPreserveMutationAndTargetIndexes" classname="com.edu.quickaside.application.capture.CapturePlanListExecutorContractTest" time="0.001"/>
  <testcase name="successfulOutcomesCannotRepresentEmptyOrDuplicateBatches" classname="com.edu.quickaside.application.capture.CapturePlanListExecutorContractTest" time="0.0"/>
  <testcase name="executionOutcomesPreserveIndexedRejectionReason" classname="com.edu.quickaside.application.capture.CapturePlanListExecutorContractTest" time="0.001"/>
  <system-out><![CDATA[]]></system-out>
  <system-err><![CDATA[]]></system-err>
</testsuite>
