<?xml version="1.0" encoding="UTF-8"?>
<testsuite name="com.edu.quickaside.ui.lists.MandadoHistoryTimestampFormatterTest" tests="2" skipped="0" failures="0" errors="0" timestamp="2026-09-19T22:28:44.617Z" hostname="local-runner" time="0.003">
  <properties/>
  <testcase name="formatsSpanishMonthNamesForTheSpanishLocale" classname="com.edu.quickaside.ui.lists.MandadoHistoryTimestampFormatterTest" time="0.002"/>
  <testcase name="formatsInTheInjectedLocalTimezoneAndLocale" classname="com.edu.quickaside.ui.lists.MandadoHistoryTimestampFormatterTest" time="0.001"/>
  <system-out><![CDATA[]]></system-out>
  <system-err><![CDATA[]]></system-err>
</testsuite>
