<?xml version="1.0" encoding="UTF-8"?>
<testsuite name="com.edu.quickaside.domain.capture.CaptureTranscriptCorrectionDomainTest" tests="5" skipped="0" failures="0" errors="0" timestamp="2026-09-19T22:28:44.616Z" hostname="local-runner" time="0.0">
  <properties/>
  <testcase name="voiceCaptureExposesOriginalCorrectionAndEffectiveTranscriptSeparately" classname="com.edu.quickaside.domain.capture.CaptureTranscriptCorrectionDomainTest" time="0.0"/>
  <testcase name="blankCorrectionIsRejected" classname="com.edu.quickaside.domain.capture.CaptureTranscriptCorrectionDomainTest" time="0.0"/>
  <testcase name="textCorrectionIsRejected" classname="com.edu.quickaside.domain.capture.CaptureTranscriptCorrectionDomainTest" time="0.0"/>
  <testcase name="uncorrectedVoiceUsesOriginalTranscriptAsEffectiveTranscript" classname="com.edu.quickaside.domain.capture.CaptureTranscriptCorrectionDomainTest" time="0.0"/>
  <testcase name="textCaptureHasNoEffectiveTranscriptCorrectionSurface" classname="com.edu.quickaside.domain.capture.CaptureTranscriptCorrectionDomainTest" time="0.0"/>
  <system-out><![CDATA[]]></system-out>
  <system-err><![CDATA[]]></system-err>
</testsuite>
