<?xml version="1.0" encoding="UTF-8"?>
<testsuite name="com.edu.quickaside.ui.memory.CaptureTimestampFormatterTest" tests="3" skipped="0" failures="0" errors="0" timestamp="2026-09-19T22:28:44.621Z" hostname="local-runner" time="0.0">
  <properties/>
  <testcase name="convertsInstantToInjectedLocalTimezoneForOlderDates" classname="com.edu.quickaside.ui.memory.CaptureTimestampFormatterTest" time="0.0"/>
  <testcase name="formatsCaptureOnCurrentLocalDateAsToday" classname="com.edu.quickaside.ui.memory.CaptureTimestampFormatterTest" time="0.0"/>
  <testcase name="formatsCaptureOnPreviousLocalDateAsYesterday" classname="com.edu.quickaside.ui.memory.CaptureTimestampFormatterTest" time="0.0"/>
  <system-out><![CDATA[]]></system-out>
  <system-err><![CDATA[]]></system-err>
</testsuite>
