<?xml version="1.0" encoding="UTF-8"?>
<testsuite name="com.edu.quickaside.application.lists.ReversibleListItemActionsContractTest" tests="2" skipped="0" failures="0" errors="0" timestamp="2026-09-19T22:28:44.564Z" hostname="local-runner" time="0.0">
  <properties/>
  <testcase name="savedResultCarriesExactItemAndLedgerReceiptIdentity" classname="com.edu.quickaside.application.lists.ReversibleListItemActionsContractTest" time="0.0"/>
  <testcase name="boundaryKeepsLedgerShapeConstantsExplicit" classname="com.edu.quickaside.application.lists.ReversibleListItemActionsContractTest" time="0.0"/>
  <system-out><![CDATA[]]></system-out>
  <system-err><![CDATA[]]></system-err>
</testsuite>
