<?xml version="1.0" encoding="UTF-8"?>
<testsuite name="com.edu.quickaside.data.remote.gateway.GatewayTransportTest" tests="1" skipped="0" failures="0" errors="0" timestamp="2026-09-19T22:28:44.590Z" hostname="local-runner" time="0.009">
  <properties/>
  <testcase name="oversizedRequestIsRejectedBeforeOpeningConnection" classname="com.edu.quickaside.data.remote.gateway.GatewayTransportTest" time="0.009"/>
  <system-out><![CDATA[]]></system-out>
  <system-err><![CDATA[]]></system-err>
</testsuite>
