<?xml version="1.0" encoding="UTF-8"?>
<testsuite name="com.edu.quickaside.data.local.ActionLedgerEntityMappingTest" tests="4" skipped="0" failures="0" errors="0" timestamp="2026-09-20T01:02:27.372Z" hostname="redacted-local-host" time="0.002">
  <properties/>
  <testcase name="invalidOrUnorderedPositionsFailVisibly" classname="com.edu.quickaside.data.local.ActionLedgerEntityMappingTest" time="0.001"/>
  <testcase name="invalidOperationFailsVisibly" classname="com.edu.quickaside.data.local.ActionLedgerEntityMappingTest" time="0.0"/>
  <testcase name="entryAndChildrenRoundTripExactFieldsAndOrder" classname="com.edu.quickaside.data.local.ActionLedgerEntityMappingTest" time="0.001"/>
  <testcase name="mismatchedParentAndMissingChildrenFailVisibly" classname="com.edu.quickaside.data.local.ActionLedgerEntityMappingTest" time="0.0"/>
  <system-out><![CDATA[]]></system-out>
  <system-err><![CDATA[]]></system-err>
</testsuite>
