<?xml version="1.0" encoding="UTF-8"?>
<testsuite name="com.edu.quickaside.application.search.LocalSearchContractTest" tests="8" skipped="0" failures="0" errors="0" timestamp="2026-09-20T01:02:27.364Z" hostname="redacted-local-host" time="0.003">
  <properties/>
  <testcase name="limitPolicyRejectsNonPositiveAndCapsAtDefaultMaximum" classname="com.edu.quickaside.application.search.LocalSearchContractTest" time="0.001"/>
  <testcase name="comparatorUsesTimestampThenIdThenDeterministicKind" classname="com.edu.quickaside.application.search.LocalSearchContractTest" time="0.001"/>
  <testcase name="backslashIsEscapedBeforeOtherLikeSyntax" classname="com.edu.quickaside.application.search.LocalSearchContractTest" time="0.0"/>
  <testcase name="underscoreIsEscapedLiterally" classname="com.edu.quickaside.application.search.LocalSearchContractTest" time="0.001"/>
  <testcase name="blankAndSurroundingWhitespaceNormalizeToNoQuery" classname="com.edu.quickaside.application.search.LocalSearchContractTest" time="0.0"/>
  <testcase name="percentIsEscapedLiterally" classname="com.edu.quickaside.application.search.LocalSearchContractTest" time="0.0"/>
  <testcase name="internalWhitespaceIsPreservedInLikePattern" classname="com.edu.quickaside.application.search.LocalSearchContractTest" time="0.0"/>
  <testcase name="combinedWildcardAndEscapeInputUsesRequiredOrder" classname="com.edu.quickaside.application.search.LocalSearchContractTest" time="0.0"/>
  <system-out><![CDATA[]]></system-out>
  <system-err><![CDATA[]]></system-err>
</testsuite>
