<?xml version="1.0" encoding="UTF-8"?>
<testsuite name="com.edu.quickaside.application.capture.CaptureSubmissionRemoteIntegrationTest" tests="2" skipped="0" failures="0" errors="0" timestamp="2026-09-20T01:02:27.354Z" hostname="redacted-local-host" time="0.003">
  <properties/>
  <testcase name="providerFailureLeavesPersistedCaptureAvailable" classname="com.edu.quickaside.application.capture.CaptureSubmissionRemoteIntegrationTest" time="0.001"/>
  <testcase name="captureIsPersistedBeforeRemoteInterpretation" classname="com.edu.quickaside.application.capture.CaptureSubmissionRemoteIntegrationTest" time="0.002"/>
  <system-out><![CDATA[]]></system-out>
  <system-err><![CDATA[]]></system-err>
</testsuite>
