<?xml version="1.0" encoding="UTF-8"?>
<testsuite name="com.edu.quickaside.application.capture.CaptureInterpreterTest" tests="18" skipped="0" failures="0" errors="0" timestamp="2026-09-20T01:02:27.287Z" hostname="redacted-local-host" time="0.036">
  <properties/>
  <testcase name="newProductionFilesStayInProviderNeutralApplicationBoundary" classname="com.edu.quickaside.application.capture.CaptureInterpreterTest" time="0.006"/>
  <testcase name="voiceCaptureWithoutCorrectionSendsExactOriginalTranscript" classname="com.edu.quickaside.application.capture.CaptureInterpreterTest" time="0.019"/>
  <testcase name="providerCandidateCannotSupplySourceCaptureId" classname="com.edu.quickaside.application.capture.CaptureInterpreterTest" time="0.0"/>
  <testcase name="invalidAddListItemCandidateReturnsExpectedValidatorIssue" classname="com.edu.quickaside.application.capture.CaptureInterpreterTest" time="0.001"/>
  <testcase name="providerFailureBecomesProviderFailureResult" classname="com.edu.quickaside.application.capture.CaptureInterpreterTest" time="0.001"/>
  <testcase name="emptyProviderActionListReturnsInvalidPlanWithEmptyActionsIssue" classname="com.edu.quickaside.application.capture.CaptureInterpreterTest" time="0.0"/>
  <testcase name="providerCancellationIsRethrown" classname="com.edu.quickaside.application.capture.CaptureInterpreterTest" time="0.001"/>
  <testcase name="validProviderCandidateProducesSuccessWithValidatedPlan" classname="com.edu.quickaside.application.capture.CaptureInterpreterTest" time="0.0"/>
  <testcase name="validationIssueActionIndexesSurviveIntoInvalidPlan" classname="com.edu.quickaside.application.capture.CaptureInterpreterTest" time="0.001"/>
  <testcase name="providerRequestAndCandidateExposeOnlyProviderNeutralInterpretationData" classname="com.edu.quickaside.application.capture.CaptureInterpreterTest" time="0.0"/>
  <testcase name="trustedCaptureIdBecomesPlanSourceIdWithoutNormalization" classname="com.edu.quickaside.application.capture.CaptureInterpreterTest" time="0.0"/>
  <testcase name="providerIsInvokedExactlyOnceForNormalInterpretation" classname="com.edu.quickaside.application.capture.CaptureInterpreterTest" time="0.001"/>
  <testcase name="multiActionCandidatePreservesExactOrderAndFieldsEndToEnd" classname="com.edu.quickaside.application.capture.CaptureInterpreterTest" time="0.002"/>
  <testcase name="invalidNoteCandidateReturnsExpectedValidatorIssue" classname="com.edu.quickaside.application.capture.CaptureInterpreterTest" time="0.0"/>
  <testcase name="validSurroundingWhitespaceIsPreservedWhenPassedToProvider" classname="com.edu.quickaside.application.capture.CaptureInterpreterTest" time="0.001"/>
  <testcase name="blankEffectiveInputReturnsBlankInputWithoutInvokingProvider" classname="com.edu.quickaside.application.capture.CaptureInterpreterTest" time="0.0"/>
  <testcase name="textCaptureSendsExactOriginalTextToProvider" classname="com.edu.quickaside.application.capture.CaptureInterpreterTest" time="0.001"/>
  <testcase name="correctedVoiceCaptureSendsCorrectionInsteadOfOriginalTranscript" classname="com.edu.quickaside.application.capture.CaptureInterpreterTest" time="0.0"/>
  <system-out><![CDATA[]]></system-out>
  <system-err><![CDATA[]]></system-err>
</testsuite>
