<?xml version="1.0" encoding="UTF-8"?>
<testsuite name="com.edu.quickaside.data.local.ListEntityMappingTest" tests="6" skipped="0" failures="0" errors="0" timestamp="2026-09-20T01:02:27.376Z" hostname="redacted-local-host" time="0.002">
  <properties/>
  <testcase name="unknownPersistedBehaviorFailsInsteadOfFallingBack" classname="com.edu.quickaside.data.local.ListEntityMappingTest" time="0.001"/>
  <testcase name="builtInDefinitionsUseStableStorageValues" classname="com.edu.quickaside.data.local.ListEntityMappingTest" time="0.0"/>
  <testcase name="blankListItemTextIsRejected" classname="com.edu.quickaside.data.local.ListEntityMappingTest" time="0.0"/>
  <testcase name="continuousItemRoundTripHasNoSessionAndStartsIncomplete" classname="com.edu.quickaside.data.local.ListEntityMappingTest" time="0.0"/>
  <testcase name="listSessionAndItemRoundTripWithoutNormalizingValues" classname="com.edu.quickaside.data.local.ListEntityMappingTest" time="0.001"/>
  <testcase name="listBehaviorRemainsExtensibleForFutureDefinitions" classname="com.edu.quickaside.data.local.ListEntityMappingTest" time="0.0"/>
  <system-out><![CDATA[]]></system-out>
  <system-err><![CDATA[]]></system-err>
</testsuite>
