<?xml version="1.0" encoding="UTF-8"?>
<testsuite name="com.edu.quickaside.application.capture.CaptureSubmissionExecutionTest" tests="9" skipped="0" failures="0" errors="0" timestamp="2026-09-20T01:02:27.343Z" hostname="redacted-local-host" time="0.01">
  <properties/>
  <testcase name="nonSuccessInterpretationsNeverInvokeExecutorAndPreserveTheirSemantics" classname="com.edu.quickaside.application.capture.CaptureSubmissionExecutionTest" time="0.003"/>
  <testcase name="executorRejectionKeepsCaptureSavedWithoutClaimingExecution" classname="com.edu.quickaside.application.capture.CaptureSubmissionExecutionTest" time="0.001"/>
  <testcase name="executorCancellationPropagatesAfterCaptureWasPersisted" classname="com.edu.quickaside.application.capture.CaptureSubmissionExecutionTest" time="0.001"/>
  <testcase name="multipleListActionsExecuteAsOneCompleteOrderedPlanAndRetainExactReceiptIds" classname="com.edu.quickaside.application.capture.CaptureSubmissionExecutionTest" time="0.001"/>
  <testcase name="executorFailureKeepsCaptureSavedWithoutClaimingExecution" classname="com.edu.quickaside.application.capture.CaptureSubmissionExecutionTest" time="0.001"/>
  <testcase name="everyUnsupportedActionFamilyIsSavedWithoutExecutorInvocation" classname="com.edu.quickaside.application.capture.CaptureSubmissionExecutionTest" time="0.0"/>
  <testcase name="persistenceFailureDoesNotInterpretOrExecute" classname="com.edu.quickaside.application.capture.CaptureSubmissionExecutionTest" time="0.002"/>
  <testcase name="eligiblePlanPersistsThenInterpretsThenExecutesExactlyOnce" classname="com.edu.quickaside.application.capture.CaptureSubmissionExecutionTest" time="0.001"/>
  <testcase name="mixedPlanIsSavedButNotEligibleAndExecutesNothing" classname="com.edu.quickaside.application.capture.CaptureSubmissionExecutionTest" time="0.0"/>
  <system-out><![CDATA[]]></system-out>
  <system-err><![CDATA[]]></system-err>
</testsuite>
