<?xml version="1.0" encoding="UTF-8"?>
<testsuite name="com.edu.quickaside.ui.lists.MandadoHistoryTimestampFormatterTest" tests="2" skipped="0" failures="0" errors="0" timestamp="2026-09-20T01:02:27.421Z" hostname="redacted-local-host" time="0.005">
  <properties/>
  <testcase name="formatsSpanishMonthNamesForTheSpanishLocale" classname="com.edu.quickaside.ui.lists.MandadoHistoryTimestampFormatterTest" time="0.002"/>
  <testcase name="formatsInTheInjectedLocalTimezoneAndLocale" classname="com.edu.quickaside.ui.lists.MandadoHistoryTimestampFormatterTest" time="0.002"/>
  <system-out><![CDATA[]]></system-out>
  <system-err><![CDATA[]]></system-err>
</testsuite>
