<?xml version="1.0" encoding="UTF-8"?>
<testsuite name="com.edu.quickaside.data.remote.gateway.GatewayTransportTest" tests="1" skipped="0" failures="0" errors="0" timestamp="2026-09-20T01:02:27.391Z" hostname="redacted-local-host" time="0.009">
  <properties/>
  <testcase name="oversizedRequestIsRejectedBeforeOpeningConnection" classname="com.edu.quickaside.data.remote.gateway.GatewayTransportTest" time="0.009"/>
  <system-out><![CDATA[]]></system-out>
  <system-err><![CDATA[]]></system-err>
</testsuite>
