<?xml version='1.0' encoding='UTF-8' ?>
<testsuites tests="9" failures="0" errors="0" skipped="0" time="1.545" timestamp="2026-09-19T22:52:59" hostname="localhost">
  <testsuite name="com.edu.quickaside.data.local.ReversibleListItemActionsDatabaseTest" tests="9" failures="0" errors="0" skipped="0" time="0.464" timestamp="2026-09-19T22:52:59" hostname="localhost">
    <properties>
      <property name="device" value="CPH2791 - 16" />
      <property name="flavor" value="" />
      <property name="project" value=":app" />
    </properties>
    <testcase name="existingCreateValidationOutcomesRemainDeterministic" classname="com.edu.quickaside.data.local.ReversibleListItemActionsDatabaseTest" time="0.101" />
    <testcase name="cancellationPropagatesAndUndoCancellationRollsBackDelete" classname="com.edu.quickaside.data.local.ReversibleListItemActionsDatabaseTest" time="0.003" />
    <testcase name="mandadoCreateUsesActiveSessionAndPreservesExactText" classname="com.edu.quickaside.data.local.ReversibleListItemActionsDatabaseTest" time="0.027" />
    <testcase name="forcedUndoMarkFailureRollsBackDeleteAndLedgerUpdate" classname="com.edu.quickaside.data.local.ReversibleListItemActionsDatabaseTest" time="0.06" />
    <testcase name="undoRemovesOnlyExactTargetMarksEntryAndPersistsAcrossReopen" classname="com.edu.quickaside.data.local.ReversibleListItemActionsDatabaseTest" time="0.057" />
    <testcase name="createChildLedgerFailureRollsBackItemParentAndMutation" classname="com.edu.quickaside.data.local.ReversibleListItemActionsDatabaseTest" time="0.033" />
    <testcase name="undoRejectsMissingEntryMismatchAndMissingTargetWithoutChangingActiveEntry" classname="com.edu.quickaside.data.local.ReversibleListItemActionsDatabaseTest" time="0.064" />
    <testcase name="undoRejectsUnsupportedAndMalformedLedgerShapesWithoutDeletingTargets" classname="com.edu.quickaside.data.local.ReversibleListItemActionsDatabaseTest" time="0.088" />
    <testcase name="comprasCreatePersistsExactItemAndOneLedgerMutation" classname="com.edu.quickaside.data.local.ReversibleListItemActionsDatabaseTest" time="0.031" />
  </testsuite>
</testsuites>