<?xml version="1.0" encoding="UTF-8"?>
<testsuite name="com.edu.quickaside.application.tasks.ReversibleTaskActionsContractTest" tests="3" skipped="0" failures="0" errors="0" timestamp="2026-09-23T20:43:06.793Z" hostname="MacBook-Pro-de-Eduardo.local" time="0.001">
  <properties/>
  <testcase name="boundaryKeepsTaskCreateLedgerShapeConstantsExplicit" classname="com.edu.quickaside.application.tasks.ReversibleTaskActionsContractTest" time="0.001"/>
  <testcase name="savedResultCarriesExactTaskAndLedgerReceiptIdentity" classname="com.edu.quickaside.application.tasks.ReversibleTaskActionsContractTest" time="0.0"/>
  <testcase name="typedResultsRepresentBlankTitleAndFailure" classname="com.edu.quickaside.application.tasks.ReversibleTaskActionsContractTest" time="0.0"/>
  <system-out><![CDATA[]]></system-out>
  <system-err><![CDATA[]]></system-err>
</testsuite>
