<?xml version="1.0" encoding="UTF-8"?>
<testsuite name="com.edu.quickaside.application.capture.CaptureSubmissionRemoteIntegrationTest" tests="2" skipped="0" failures="0" errors="0" timestamp="2026-09-23T20:43:06.781Z" hostname="MacBook-Pro-de-Eduardo.local" time="0.002">
  <properties/>
  <testcase name="providerFailureLeavesPersistedCaptureAvailable" classname="com.edu.quickaside.application.capture.CaptureSubmissionRemoteIntegrationTest" time="0.001"/>
  <testcase name="captureIsPersistedBeforeRemoteInterpretation" classname="com.edu.quickaside.application.capture.CaptureSubmissionRemoteIntegrationTest" time="0.001"/>
  <system-out><![CDATA[]]></system-out>
  <system-err><![CDATA[]]></system-err>
</testsuite>
