<?xml version="1.0" encoding="UTF-8"?>
<testsuite name="com.edu.quickaside.data.remote.gateway.Qa1Test" tests="5" skipped="0" failures="0" errors="0" timestamp="2026-09-23T20:43:06.825Z" hostname="MacBook-Pro-de-Eduardo.local" time="0.003">
  <properties/>
  <testcase name="base64UrlEncodingHasNoPaddingOrStandardAlphabet" classname="com.edu.quickaside.data.remote.gateway.Qa1Test" time="0.0"/>
  <testcase name="secureNonceIsUnpaddedBase64UrlWithAtLeast16DecodedBytes" classname="com.edu.quickaside.data.remote.gateway.Qa1Test" time="0.001"/>
  <testcase name="requestHeadersSignTheExactBodyAndUseUnpaddedBase64Url" classname="com.edu.quickaside.data.remote.gateway.Qa1Test" time="0.002"/>
  <testcase name="canonicalBodyHashUsesUtf8BytesForNonAsciiText" classname="com.edu.quickaside.data.remote.gateway.Qa1Test" time="0.0"/>
  <testcase name="canonicalRequestMatchesServerContractExactly" classname="com.edu.quickaside.data.remote.gateway.Qa1Test" time="0.0"/>
  <system-out><![CDATA[]]></system-out>
  <system-err><![CDATA[]]></system-err>
</testsuite>
