<?xml version="1.0" encoding="UTF-8"?>
<testsuite name="com.edu.quickaside.domain.CoreDomainContractsTest" tests="8" skipped="0" failures="0" errors="0" timestamp="2026-09-23T20:43:06.841Z" hostname="MacBook-Pro-de-Eduardo.local" time="0.001">
  <properties/>
  <testcase name="personalAndTrabajoAreDistinctTaskSpaces" classname="com.edu.quickaside.domain.CoreDomainContractsTest" time="0.0"/>
  <testcase name="capturesDistinguishTextAndVoiceAndRetainOriginalTextualInput" classname="com.edu.quickaside.domain.CoreDomainContractsTest" time="0.0"/>
  <testcase name="futureListDefinitionCanBeRepresentedWithoutAddingAnEnumValue" classname="com.edu.quickaside.domain.CoreDomainContractsTest" time="0.0"/>
  <testcase name="comprasIsContinuous" classname="com.edu.quickaside.domain.CoreDomainContractsTest" time="0.0"/>
  <testcase name="mandadoItemsCanBeAssociatedWithAHistoricalSession" classname="com.edu.quickaside.domain.CoreDomainContractsTest" time="0.001"/>
  <testcase name="mandadoIsSessionBased" classname="com.edu.quickaside.domain.CoreDomainContractsTest" time="0.0"/>
  <testcase name="reminderCanTargetANoteWithoutTurningItIntoATask" classname="com.edu.quickaside.domain.CoreDomainContractsTest" time="0.0"/>
  <testcase name="taskDueDateIsIndependentFromExactReminderTime" classname="com.edu.quickaside.domain.CoreDomainContractsTest" time="0.0"/>
  <system-out><![CDATA[]]></system-out>
  <system-err><![CDATA[]]></system-err>
</testsuite>
