<?xml version="1.0" encoding="UTF-8"?>
<testsuite name="com.edu.quickaside.application.search.LocalSearchContractTest" tests="8" skipped="0" failures="0" errors="0" timestamp="2026-09-23T20:43:06.791Z" hostname="MacBook-Pro-de-Eduardo.local" time="0.002">
  <properties/>
  <testcase name="limitPolicyRejectsNonPositiveAndCapsAtDefaultMaximum" classname="com.edu.quickaside.application.search.LocalSearchContractTest" time="0.0"/>
  <testcase name="comparatorUsesTimestampThenIdThenDeterministicKind" classname="com.edu.quickaside.application.search.LocalSearchContractTest" time="0.001"/>
  <testcase name="backslashIsEscapedBeforeOtherLikeSyntax" classname="com.edu.quickaside.application.search.LocalSearchContractTest" time="0.001"/>
  <testcase name="underscoreIsEscapedLiterally" classname="com.edu.quickaside.application.search.LocalSearchContractTest" time="0.0"/>
  <testcase name="blankAndSurroundingWhitespaceNormalizeToNoQuery" classname="com.edu.quickaside.application.search.LocalSearchContractTest" time="0.0"/>
  <testcase name="percentIsEscapedLiterally" classname="com.edu.quickaside.application.search.LocalSearchContractTest" time="0.0"/>
  <testcase name="internalWhitespaceIsPreservedInLikePattern" classname="com.edu.quickaside.application.search.LocalSearchContractTest" time="0.0"/>
  <testcase name="combinedWildcardAndEscapeInputUsesRequiredOrder" classname="com.edu.quickaside.application.search.LocalSearchContractTest" time="0.0"/>
  <system-out><![CDATA[]]></system-out>
  <system-err><![CDATA[]]></system-err>
</testsuite>
