<?xml version="1.0" encoding="UTF-8"?>
<testsuite name="com.edu.quickaside.application.tasks.TaskCompletionLedgerPayloadTest" tests="3" skipped="0" failures="0" errors="0" timestamp="2026-09-23T20:43:06.795Z" hostname="MacBook-Pro-de-Eduardo.local" time="0.001">
  <properties/>
  <testcase name="onlyPendingToCompletedAndCompletedToPendingAreValidTransitions" classname="com.edu.quickaside.application.tasks.TaskCompletionLedgerPayloadTest" time="0.001"/>
  <testcase name="decoderRejectsMalformedValuesWithoutRepairingThem" classname="com.edu.quickaside.application.tasks.TaskCompletionLedgerPayloadTest" time="0.0"/>
  <testcase name="codecUsesTheExactFrozenV1Grammar" classname="com.edu.quickaside.application.tasks.TaskCompletionLedgerPayloadTest" time="0.0"/>
  <system-out><![CDATA[]]></system-out>
  <system-err><![CDATA[]]></system-err>
</testsuite>
