<?xml version="1.0" encoding="UTF-8"?>
<testsuite name="com.edu.quickaside.data.remote.gateway.GatewayTransportTest" tests="1" skipped="0" failures="0" errors="0" timestamp="2026-09-23T20:43:06.814Z" hostname="MacBook-Pro-de-Eduardo.local" time="0.01">
  <properties/>
  <testcase name="oversizedRequestIsRejectedBeforeOpeningConnection" classname="com.edu.quickaside.data.remote.gateway.GatewayTransportTest" time="0.01"/>
  <system-out><![CDATA[]]></system-out>
  <system-err><![CDATA[]]></system-err>
</testsuite>
