<?xml version="1.0" encoding="UTF-8"?>
<testsuite name="com.edu.quickaside.ui.memory.NoteTimestampFormatterTest" tests="3" skipped="0" failures="0" errors="0" timestamp="2026-09-23T20:43:06.851Z" hostname="MacBook-Pro-de-Eduardo.local" time="0.0">
  <properties/>
  <testcase name="convertsInstantToInjectedLocalTimezoneForOlderDates" classname="com.edu.quickaside.ui.memory.NoteTimestampFormatterTest" time="0.0"/>
  <testcase name="formatsNoteOnCurrentLocalDateAsToday" classname="com.edu.quickaside.ui.memory.NoteTimestampFormatterTest" time="0.0"/>
  <testcase name="formatsNoteOnPreviousLocalDateAsYesterday" classname="com.edu.quickaside.ui.memory.NoteTimestampFormatterTest" time="0.0"/>
  <system-out><![CDATA[]]></system-out>
  <system-err><![CDATA[]]></system-err>
</testsuite>
