<?xml version="1.0" encoding="UTF-8"?>
<testsuite name="com.edu.quickaside.application.capture.CaptureSubmissionTest" tests="6" skipped="0" failures="0" errors="0" timestamp="2026-09-23T20:43:06.784Z" hostname="MacBook-Pro-de-Eduardo.local" time="0.005">
  <properties/>
  <testcase name="successfulSubmissionsUseDistinctIds" classname="com.edu.quickaside.application.capture.CaptureSubmissionTest" time="0.001"/>
  <testcase name="validTextSubmissionCreatesOneTextCaptureAndPreservesOriginalText" classname="com.edu.quickaside.application.capture.CaptureSubmissionTest" time="0.001"/>
  <testcase name="blankAndWhitespaceOnlySubmissionsCreateNothing" classname="com.edu.quickaside.application.capture.CaptureSubmissionTest" time="0.001"/>
  <testcase name="blankVoiceSubmissionCreatesNothing" classname="com.edu.quickaside.application.capture.CaptureSubmissionTest" time="0.0"/>
  <testcase name="persistenceFailureReturnsFailureWithoutReplacingItWithSuccess" classname="com.edu.quickaside.application.capture.CaptureSubmissionTest" time="0.0"/>
  <testcase name="validVoiceSubmissionCreatesOneVoiceCaptureAndPreservesOriginalTranscript" classname="com.edu.quickaside.application.capture.CaptureSubmissionTest" time="0.001"/>
  <system-out><![CDATA[]]></system-out>
  <system-err><![CDATA[]]></system-err>
</testsuite>
